Arguments: 
  /opt/homebrew/Cellar/node/18.0.0/bin/node /opt/homebrew/Cellar/yarn/1.22.18/libexec/bin/yarn.js build

PATH: 
  /opt/homebrew/Cellar/pyenv-virtualenv/HEAD-294f64f/shims:/Users/alex/.pyenv/shims:/Users/alex/.pyenv/bin:/Users/alex/.gem/ruby/3.1.2/bin:/Users/alex/.rubies/ruby-3.1.2/lib/ruby/gems/3.1.0/bin:/Users/alex/.rubies/ruby-3.1.2/bin:/opt/homebrew/opt/mysql-client/bin:/Users/alex/opt/anaconda3/bin:/Users/alex/opt/anaconda3/condabin:/Users/alex/opt/anaconda3/bin:/Users/alex/flutter/bin:/opt/homebrew/bin:/Library/Frameworks/Python.framework/Versions/3.9/bin:/usr/local/bin:/usr/bin:/bin:/usr/sbin:/sbin:/usr/local/go/bin:/Library/Apple/usr/bin:/Users/alex/.cargo/bin:/Users/alex/Library/Application Support/JetBrains/Toolbox/scripts:/Users/alex/.pub-cache/bin:/Users/alex/flutter/bin:/Users/alex/Library/Android/sdk/tools:/Users/alex/Library/Android/sdk/platform-tools:/Users/alex/.cargo/bin

Yarn version: 
  1.22.18

Node version: 
  18.0.0

Platform: 
  darwin arm64

Trace: 
  Invariant Violation: Script must exist
      at invariant (/opt/homebrew/Cellar/yarn/1.22.18/libexec/lib/cli.js:2314:15)
      at /opt/homebrew/Cellar/yarn/1.22.18/libexec/lib/cli.js:61537:11
      at Generator.next (<anonymous>)
      at step (/opt/homebrew/Cellar/yarn/1.22.18/libexec/lib/cli.js:310:30)
      at /opt/homebrew/Cellar/yarn/1.22.18/libexec/lib/cli.js:328:14
      at new Promise (<anonymous>)
      at new F (/opt/homebrew/Cellar/yarn/1.22.18/libexec/lib/cli.js:5301:28)
      at /opt/homebrew/Cellar/yarn/1.22.18/libexec/lib/cli.js:307:12
      at realRunCommand (/opt/homebrew/Cellar/yarn/1.22.18/libexec/lib/cli.js:61622:23)
      at action.action (/opt/homebrew/Cellar/yarn/1.22.18/libexec/lib/cli.js:61683:16)

npm manifest: 
  {
    "name": "JieJingDesktop",
    "scripts": {
      "tauri": "tauri",
      "build": ""
    },
    "dependencies": {
      "@tauri-apps/api": "^1.1.0"
    },
    "devDependencies": {
      "@tauri-apps/cli": "^1.1.1"
    }
  }

yarn manifest: 
  No manifest

Lockfile: 
  # THIS IS AN AUTOGENERATED FILE. DO NOT EDIT THIS FILE DIRECTLY.
  # yarn lockfile v1
  
  
  "@tauri-apps/api@^1.1.0":
    version "1.1.0"
    resolved "https://registry.yarnpkg.com/@tauri-apps/api/-/api-1.1.0.tgz#2c5756f6aeecd36f7683183eaba021690711bedf"
    integrity sha512-n13pIqdPd3KtaMmmAcrU7BTfdMtIlGNnfZD0dNX8L4p8dgmuNyikm6JAA+yCpl9gqq6I8x5cV2Y0muqdgD0cWw==
  
  "@tauri-apps/cli-darwin-arm64@1.1.1":
    version "1.1.1"
    resolved "https://registry.yarnpkg.com/@tauri-apps/cli-darwin-arm64/-/cli-darwin-arm64-1.1.1.tgz#c6f4553cfb338f24131910a1ebbe9fe74d89b8ae"
    integrity sha512-qBG11ig525/qf0f5OQxn0ON3hT8YdpTfpa4Y4kVqBJhdW50R5fadPv6tv5Dpl2TS2X7nWh/zg5mEXYoCK3HZ9w==
  
  "@tauri-apps/cli-darwin-x64@1.1.1":
    version "1.1.1"
    resolved "https://registry.yarnpkg.com/@tauri-apps/cli-darwin-x64/-/cli-darwin-x64-1.1.1.tgz#11beb8b3dfc43725f0acd3736cd9d181f93526a2"
    integrity sha512-M3dMsp78OdxisbTwAWGvy3jIb3uqThtQcUYVvqOu9LeEOHyldOBFDSht+6PTBpaJLAHFMQK2rmNxiWgigklJaA==
  
  "@tauri-apps/cli-linux-arm-gnueabihf@1.1.1":
    version "1.1.1"
    resolved "https://registry.yarnpkg.com/@tauri-apps/cli-linux-arm-gnueabihf/-/cli-linux-arm-gnueabihf-1.1.1.tgz#f4bd3f5839cfcd69132d213efee09ce5da5c6d90"
    integrity sha512-LYlvdAd73cq+yTi6rw7j/DWIvDpeApwgQkIn+HYsNNeFhyFmABU7tmw+pekK3W3nHAkYAJ69Rl4ZdoxdNGKmHg==
  
  "@tauri-apps/cli-linux-arm64-gnu@1.1.1":
    version "1.1.1"
    resolved "https://registry.yarnpkg.com/@tauri-apps/cli-linux-arm64-gnu/-/cli-linux-arm64-gnu-1.1.1.tgz#2631b2a68e7901ea7281af022d8826c0d82b9edd"
    integrity sha512-o/hbMQIKuFI7cTNpeQBHD/OCNJOBIci78faKms/t6AstLXx0QJuRHDk477Rg6VVy/I3BBKbyATALbmcTq+ti0A==
  
  "@tauri-apps/cli-linux-arm64-musl@1.1.1":
    version "1.1.1"
    resolved "https://registry.yarnpkg.com/@tauri-apps/cli-linux-arm64-musl/-/cli-linux-arm64-musl-1.1.1.tgz#11a4bdc52696583152fc70ea373cf31717cb0f4c"
    integrity sha512-8Ci4qlDnXIp93XqUrtzFCBDatUzPHpZq7L3bociUbWpvy/bnlzxp1C/C+vwdc4uS1MiAp9v3BFgrU4i0f0Z3QQ==
  
  "@tauri-apps/cli-linux-x64-gnu@1.1.1":
    version "1.1.1"
    resolved "https://registry.yarnpkg.com/@tauri-apps/cli-linux-x64-gnu/-/cli-linux-x64-gnu-1.1.1.tgz#11acbcc4743562cc8166c92ffc3bc12f68e0987f"
    integrity sha512-ES4Bkx2JAI8+dDNDJswhLS3yqt+yT/4C6UfGOPIHFxcXUh6fe36eUllrTt+HLRS9xTZbYnteJy7ebq2TqMkaxw==
  
  "@tauri-apps/cli-linux-x64-musl@1.1.1":
    version "1.1.1"
    resolved "https://registry.yarnpkg.com/@tauri-apps/cli-linux-x64-musl/-/cli-linux-x64-musl-1.1.1.tgz#7dd81b8380d7e7183fb43a2ccbbc26931718204a"
    integrity sha512-qrN1WOMAaDl+LE8P8iO0+DYlrWNTc9jIu/CsnVY/LImTn79ZPxEkcVBo0UGeKRI7f10TfvkVmLCBLxTz8QhEyA==
  
  "@tauri-apps/cli-win32-ia32-msvc@1.1.1":
    version "1.1.1"
    resolved "https://registry.yarnpkg.com/@tauri-apps/cli-win32-ia32-msvc/-/cli-win32-ia32-msvc-1.1.1.tgz#1d106ae1c3766f95d7f49bac51eba0d2cd2daf33"
    integrity sha512-vw7VOmrQlywHhFV3pf54udf2FRNj9dg9WP1gL0My55FnB+w+PWS9Ipm871kX5qepmChdnZHKq9fsqE2uTjX//Q==
  
  "@tauri-apps/cli-win32-x64-msvc@1.1.1":
    version "1.1.1"
    resolved "https://registry.yarnpkg.com/@tauri-apps/cli-win32-x64-msvc/-/cli-win32-x64-msvc-1.1.1.tgz#ce931d299fcc8c60aceec3f9e18b0987f9951c25"
    integrity sha512-OukxlLLi3AoCN4ABnqCDTiiC7xJGWukAjrKCIx7wFISrLjNfsrnH7/UOzuopfGpZChSe2c+AamVmcpBfVsEmJA==
  
  "@tauri-apps/cli@^1.1.1":
    version "1.1.1"
    resolved "https://registry.yarnpkg.com/@tauri-apps/cli/-/cli-1.1.1.tgz#480d5e1ab758aa1d7efcbf97d801bf9812b15cd4"
    integrity sha512-80kjMEMPBwLYCp0tTKSquy90PHHGGBvZsneNr3B/mWxNsvjzA1C0vOyGJGFrJuT2OmkvrdvuJZ5mch5hL8O1Xg==
    optionalDependencies:
      "@tauri-apps/cli-darwin-arm64" "1.1.1"
      "@tauri-apps/cli-darwin-x64" "1.1.1"
      "@tauri-apps/cli-linux-arm-gnueabihf" "1.1.1"
      "@tauri-apps/cli-linux-arm64-gnu" "1.1.1"
      "@tauri-apps/cli-linux-arm64-musl" "1.1.1"
      "@tauri-apps/cli-linux-x64-gnu" "1.1.1"
      "@tauri-apps/cli-linux-x64-musl" "1.1.1"
      "@tauri-apps/cli-win32-ia32-msvc" "1.1.1"
      "@tauri-apps/cli-win32-x64-msvc" "1.1.1"
